<?xml version="1.0" encoding="UTF-8"?>
<testsuite xmlns:xsi="http://www.w3.org/2001/XMLSchema-instance" xsi:noNamespaceSchemaLocation="https://maven.apache.org/surefire/maven-surefire-plugin/xsd/surefire-test-report-3.0.xsd" version="3.0" name="com.example.OEPTest" time="0.054" tests="3" errors="0" skipped="0" failures="0">
  <properties>
[...]
</properties>
  <testcase name="testOdd" classname="com.example.OEPTest" time="0.032"/>
  <testcase name="testPrime" classname="com.example.OEPTest" time="0.001"/>
  <testcase name="testEven" classname="com.example.OEPTest" time="0.001"/>
</testsuite>